-------------------------------------------------------------------------------
Test set: TestSuite
-------------------------------------------------------------------------------
Tests run: 5, Failures: 2, Errors: 0, Skipped: 0, Time elapsed: 107.154 s <<< FAILURE! - in TestSuite
runScenario(petstore_Ques1_Runner)  Time elapsed: 0.056 s  <<< FAILURE!
io.cucumber.testng.UndefinedStepException: 
The step 'I launched the application' and 12 other step(s) are undefined.
You can implement these steps using the snippet(s) below:

@Given("I launched the application")
public void i_launched_the_application() {
    // Write code here that turns the phrase above into concrete actions
    throw new io.cucumber.java.PendingException();
}
@Given("I opened the sign up page")
public void i_opened_the_sign_up_page() {
    // Write code here that turns the phrase above into concrete actions
    throw new io.cucumber.java.PendingException();
}
@When("I enter a valid emailId or a valid mobile number")
public void i_enter_a_valid_email_id_or_a_valid_mobile_number() {
    // Write code here that turns the phrase above into concrete actions
    throw new io.cucumber.java.PendingException();
}
@When("I enter a strong password")
public void i_enter_a_strong_password() {
    // Write code here that turns the phrase above into concrete actions
    throw new io.cucumber.java.PendingException();
}
@When("I click on Agree&Join")
public void i_click_on_agree_join() {
    // Write code here that turns the phrase above into concrete actions
    throw new io.cucumber.java.PendingException();
}
@Then("I navigate to next page")
public void i_navigate_to_next_page() {
    // Write code here that turns the phrase above into concrete actions
    throw new io.cucumber.java.PendingException();
}
@Then("I enter firstname and lastname")
public void i_enter_firstname_and_lastname() {
    // Write code here that turns the phrase above into concrete actions
    throw new io.cucumber.java.PendingException();
}
@Then("I click on continue")
public void i_click_on_continue() {
    // Write code here that turns the phrase above into concrete actions
    throw new io.cucumber.java.PendingException();
}
@Then("I navigate to profile location page")
public void i_navigate_to_profile_location_page() {
    // Write code here that turns the phrase above into concrete actions
    throw new io.cucumber.java.PendingException();
}
@Then("I enter the country\\/region")
public void i_enter_the_country_region() {
    // Write code here that turns the phrase above into concrete actions
    throw new io.cucumber.java.PendingException();
}
@Then("I enter the city")
public void i_enter_the_city() {
    // Write code here that turns the phrase above into concrete actions
    throw new io.cucumber.java.PendingException();
}
@Then("I redirect to LinkedIn feed page indicating a successful sign up")
public void i_redirect_to_linked_in_feed_page_indicating_a_successful_sign_up() {
    // Write code here that turns the phrase above into concrete actions
    throw new io.cucumber.java.PendingException();
}


runScenario(petstore_Ques1_Runner)  Time elapsed: 55.193 s  <<< FAILURE!
org.openqa.selenium.NoSuchElementException: 
no such element: Unable to locate element: {"method":"xpath","selector":"//*[@placeholder='Username']"}
  (Session info: chrome=113.0.5672.126)
For documentation on this error, please visit: https://selenium.dev/exceptions/#no_such_element
Build info: version: '4.9.0', revision: 'd7057100a6'
System info: os.name: 'Mac OS X', os.arch: 'aarch64', os.version: '12.6.4', java.version: '20'
Driver info: org.openqa.selenium.chrome.ChromeDriver
Command: [a73c0c561966634d3a317ab26d3cbc0f, findElement {using=xpath, value=//*[@placeholder='Username']}]
Capabilities {acceptInsecureCerts: false, browserName: chrome, browserVersion: 113.0.5672.126, chrome: {chromedriverVersion: 113.0.5672.63 (0e1a4471d5ae..., userDataDir: /var/folders/8y/wl7wgrd14l9...}, goog:chromeOptions: {debuggerAddress: localhost:54055}, networkConnectionEnabled: false, pageLoadStrategy: normal, platformName: MAC, proxy: Proxy(), se:cdp: ws://localhost:54055/devtoo..., se:cdpVersion: 113.0.5672.126, setWindowRect: true, strictFileInteractability: false, timeouts: {implicit: 0, pageLoad: 300000, script: 30000}, unhandledPromptBehavior: dismiss and notify, webauthn:extension:credBlob: true, webauthn:extension:largeBlob: true, webauthn:extension:minPinLength: true, webauthn:extension:prf: true, webauthn:virtualAuthenticators: true}
Session ID: a73c0c561966634d3a317ab26d3cbc0f

